2024-06-26 21:55:34,651 [WARNING] message=Unauthorized: /metrics
2024-06-26 21:55:49,626 [WARNING] message=Unauthorized: /metrics
2024-06-26 21:56:04,626 [WARNING] message=Unauthorized: /metrics
2024-06-26 21:56:19,606 [WARNING] message=Unauthorized: /metrics
2024-06-26 21:56:34,605 [WARNING] message=Unauthorized: /metrics
2024-06-26 21:56:49,584 [WARNING] message=Unauthorized: /metrics
2024-06-26 21:57:04,584 [WARNING] message=Unauthorized: /metrics
2024-06-26 21:58:09,862 [WARNING] message=Unauthorized: /metrics
2024-06-26 21:58:24,834 [WARNING] message=Unauthorized: /metrics
2024-06-26 21:58:39,834 [WARNING] message=Unauthorized: /metrics
2024-06-26 21:58:54,814 [WARNING] message=Unauthorized: /metrics
2024-06-26 21:59:09,814 [WARNING] message=Unauthorized: /metrics
2024-06-26 21:59:24,793 [WARNING] message=Unauthorized: /metrics
2024-06-26 21:59:39,793 [WARNING] message=Unauthorized: /metrics
2024-06-26 21:59:54,773 [WARNING] message=Unauthorized: /metrics
2024-06-26 22:00:09,772 [WARNING] message=Unauthorized: /metrics
2024-06-26 22:00:24,752 [WARNING] message=Unauthorized: /metrics
2024-06-26 22:00:39,753 [WARNING] message=Unauthorized: /metrics
2024-06-26 22:00:54,731 [WARNING] message=Unauthorized: /metrics
2024-06-26 22:01:09,730 [WARNING] message=Unauthorized: /metrics
2024-06-26 22:01:24,709 [WARNING] message=Unauthorized: /metrics
2024-06-26 22:01:39,711 [WARNING] message=Unauthorized: /metrics
2024-06-26 22:01:54,689 [WARNING] message=Unauthorized: /metrics
2024-06-26 22:02:09,688 [WARNING] message=Unauthorized: /metrics
2024-06-26 22:02:24,667 [WARNING] message=Unauthorized: /metrics
2024-06-26 22:02:39,673 [WARNING] message=Unauthorized: /metrics
2024-06-26 22:02:54,647 [WARNING] message=Unauthorized: /metrics
2024-06-26 22:03:09,647 [WARNING] message=Unauthorized: /metrics
2024-06-26 22:03:24,627 [WARNING] message=Unauthorized: /metrics
2024-06-26 22:03:39,627 [WARNING] message=Unauthorized: /metrics
2024-06-26 22:03:54,605 [WARNING] message=Unauthorized: /metrics
2024-06-26 22:04:09,608 [WARNING] message=Unauthorized: /metrics
2024-06-26 22:04:57,734 [WARNING] message=Unauthorized: /metrics
2024-06-26 22:05:12,697 [WARNING] message=Unauthorized: /metrics
2024-06-26 22:05:27,691 [WARNING] message=Unauthorized: /metrics
2024-06-26 22:05:42,688 [WARNING] message=Unauthorized: /metrics
2024-06-26 22:05:57,690 [WARNING] message=Unauthorized: /metrics
2024-06-26 22:06:12,671 [WARNING] message=Unauthorized: /metrics
2024-06-26 22:06:27,670 [WARNING] message=Unauthorized: /metrics
2024-06-26 22:06:42,648 [WARNING] message=Unauthorized: /metrics
2024-06-26 22:06:57,650 [WARNING] message=Unauthorized: /metrics
2024-06-26 22:07:12,628 [WARNING] message=Unauthorized: /metrics
2024-06-26 22:07:27,637 [WARNING] message=Unauthorized: /metrics
2024-06-26 22:07:42,607 [WARNING] message=Unauthorized: /metrics
2024-06-26 22:07:57,607 [WARNING] message=Unauthorized: /metrics
2024-06-26 22:08:12,587 [WARNING] message=Unauthorized: /metrics
2024-06-26 22:08:23,155 [WARNING] message=Unauthorized: /api/user/me
2024-06-26 22:08:27,588 [WARNING] message=Unauthorized: /metrics
2024-06-26 22:08:42,567 [WARNING] message=Unauthorized: /metrics
2024-06-26 22:08:57,566 [WARNING] message=Unauthorized: /metrics
2024-06-26 22:09:57,310 [WARNING] message=Unauthorized: /metrics
2024-06-26 22:10:12,310 [WARNING] message=Unauthorized: /metrics
2024-06-26 22:10:27,299 [WARNING] message=Unauthorized: /metrics
2024-06-26 22:10:42,278 [WARNING] message=Unauthorized: /metrics
2024-06-26 22:10:57,277 [WARNING] message=Unauthorized: /metrics
2024-06-26 22:11:42,556 [WARNING] message=Unauthorized: /metrics
2024-06-26 22:11:57,538 [WARNING] message=Unauthorized: /metrics
2024-06-26 22:12:10,479 [WARNING] message=Unauthorized: /api/user/me
2024-06-26 22:12:12,518 [WARNING] message=Unauthorized: /metrics
2024-06-26 22:12:27,518 [WARNING] message=Unauthorized: /metrics
2024-06-26 22:12:42,497 [WARNING] message=Unauthorized: /metrics
2024-06-26 22:12:57,498 [WARNING] message=Unauthorized: /metrics
2024-06-26 22:13:12,477 [WARNING] message=Unauthorized: /metrics
2024-06-26 22:13:27,476 [WARNING] message=Unauthorized: /metrics
2024-06-26 22:13:42,456 [WARNING] message=Unauthorized: /metrics
2024-06-26 22:13:57,457 [WARNING] message=Unauthorized: /metrics
2024-06-26 22:14:12,436 [WARNING] message=Unauthorized: /metrics
2024-06-26 22:14:27,434 [WARNING] message=Unauthorized: /metrics
2024-06-26 22:14:42,415 [WARNING] message=Unauthorized: /metrics
2024-06-26 22:14:57,415 [WARNING] message=Unauthorized: /metrics
2024-06-26 22:15:12,395 [WARNING] message=Unauthorized: /metrics
2024-06-26 22:15:27,394 [WARNING] message=Unauthorized: /metrics
2024-06-26 22:15:42,374 [WARNING] message=Unauthorized: /metrics
2024-06-26 22:17:28,078 [WARNING] message=Unauthorized: /metrics
2024-06-26 22:17:43,067 [WARNING] message=Unauthorized: /metrics
2024-06-26 22:17:58,054 [WARNING] message=Unauthorized: /metrics
2024-06-26 22:18:13,033 [WARNING] message=Unauthorized: /metrics
2024-06-26 22:18:28,034 [WARNING] message=Unauthorized: /metrics
2024-06-26 22:18:43,012 [WARNING] message=Unauthorized: /metrics
2024-06-26 22:18:58,012 [WARNING] message=Unauthorized: /metrics
2024-06-26 22:19:12,993 [WARNING] message=Unauthorized: /metrics
2024-06-26 22:19:27,992 [WARNING] message=Unauthorized: /metrics
2024-06-26 22:19:42,972 [WARNING] message=Unauthorized: /metrics
2024-06-26 22:19:57,971 [WARNING] message=Unauthorized: /metrics
2024-06-26 22:20:12,952 [WARNING] message=Unauthorized: /metrics
2024-06-26 22:20:27,951 [WARNING] message=Unauthorized: /metrics
2024-06-26 22:20:42,931 [WARNING] message=Unauthorized: /metrics
2024-06-26 22:20:57,931 [WARNING] message=Unauthorized: /metrics
2024-06-26 22:21:12,909 [WARNING] message=Unauthorized: /metrics
2024-06-26 22:21:27,909 [WARNING] message=Unauthorized: /metrics
2024-06-26 22:21:42,889 [WARNING] message=Unauthorized: /metrics
2024-06-26 22:21:57,889 [WARNING] message=Unauthorized: /metrics
2024-06-26 22:22:12,870 [WARNING] message=Unauthorized: /metrics
2024-06-26 22:22:27,868 [WARNING] message=Unauthorized: /metrics
2024-06-26 22:22:42,848 [WARNING] message=Unauthorized: /metrics
2024-06-26 22:22:57,848 [WARNING] message=Unauthorized: /metrics
2024-06-26 22:23:12,827 [WARNING] message=Unauthorized: /metrics
2024-06-26 22:23:27,827 [WARNING] message=Unauthorized: /metrics
2024-06-26 22:23:42,807 [WARNING] message=Unauthorized: /metrics
2024-06-26 22:23:57,806 [WARNING] message=Unauthorized: /metrics
2024-06-26 22:24:12,786 [WARNING] message=Unauthorized: /metrics
2024-06-26 22:24:27,785 [WARNING] message=Unauthorized: /metrics
2024-06-26 22:24:42,765 [WARNING] message=Unauthorized: /metrics
2024-06-26 22:24:57,765 [WARNING] message=Unauthorized: /metrics
2024-06-26 22:25:12,751 [WARNING] message=Unauthorized: /metrics
2024-06-26 22:25:27,748 [WARNING] message=Unauthorized: /metrics
2024-06-26 22:25:42,730 [WARNING] message=Unauthorized: /metrics
2024-06-26 22:25:57,731 [WARNING] message=Unauthorized: /metrics
2024-06-26 22:26:12,709 [WARNING] message=Unauthorized: /metrics
2024-06-26 22:26:27,710 [WARNING] message=Unauthorized: /metrics
2024-06-26 22:26:42,689 [WARNING] message=Unauthorized: /metrics
2024-06-26 22:26:57,689 [WARNING] message=Unauthorized: /metrics
2024-06-26 22:27:12,669 [WARNING] message=Unauthorized: /metrics
2024-06-26 22:27:27,670 [WARNING] message=Unauthorized: /metrics
2024-06-26 22:27:42,647 [WARNING] message=Unauthorized: /metrics
2024-06-26 22:27:57,647 [WARNING] message=Unauthorized: /metrics
2024-06-26 22:28:12,626 [WARNING] message=Unauthorized: /metrics
2024-06-26 22:28:27,627 [WARNING] message=Unauthorized: /metrics
2024-06-26 22:28:42,606 [WARNING] message=Unauthorized: /metrics
2024-06-26 22:28:57,607 [WARNING] message=Unauthorized: /metrics
2024-06-26 22:29:12,586 [WARNING] message=Unauthorized: /metrics
2024-06-26 22:29:27,588 [WARNING] message=Unauthorized: /metrics
2024-06-26 22:29:42,565 [WARNING] message=Unauthorized: /metrics
2024-06-26 22:29:57,566 [WARNING] message=Unauthorized: /metrics
2024-06-26 22:30:12,544 [WARNING] message=Unauthorized: /metrics
2024-06-26 22:30:27,544 [WARNING] message=Unauthorized: /metrics
2024-06-26 22:30:42,523 [WARNING] message=Unauthorized: /metrics
2024-06-26 22:30:57,522 [WARNING] message=Unauthorized: /metrics
2024-06-26 22:31:12,503 [WARNING] message=Unauthorized: /metrics
2024-06-26 22:31:27,502 [WARNING] message=Unauthorized: /metrics
2024-06-26 22:31:42,481 [WARNING] message=Unauthorized: /metrics
2024-06-26 22:31:57,482 [WARNING] message=Unauthorized: /metrics
2024-06-26 22:32:12,463 [WARNING] message=Unauthorized: /metrics
2024-06-26 22:32:27,463 [WARNING] message=Unauthorized: /metrics
2024-06-26 22:32:42,440 [WARNING] message=Unauthorized: /metrics
2024-06-26 22:32:57,440 [WARNING] message=Unauthorized: /metrics
2024-06-26 22:33:12,419 [WARNING] message=Unauthorized: /metrics
2024-06-26 22:33:27,421 [WARNING] message=Unauthorized: /metrics
2024-06-26 22:33:42,399 [WARNING] message=Unauthorized: /metrics
2024-06-26 22:33:57,399 [WARNING] message=Unauthorized: /metrics
2024-06-26 22:34:12,377 [WARNING] message=Unauthorized: /metrics
2024-06-26 22:34:27,377 [WARNING] message=Unauthorized: /metrics
2024-06-26 22:34:42,357 [WARNING] message=Unauthorized: /metrics
2024-06-26 22:34:57,358 [WARNING] message=Unauthorized: /metrics
2024-06-26 22:35:12,336 [WARNING] message=Unauthorized: /metrics
2024-06-26 22:35:27,337 [WARNING] message=Unauthorized: /metrics
2024-06-26 22:35:42,317 [WARNING] message=Unauthorized: /metrics
2024-06-26 22:36:47,781 [WARNING] message=Unauthorized: /metrics
2024-06-26 22:37:02,784 [WARNING] message=Unauthorized: /metrics
2024-06-26 22:37:17,756 [WARNING] message=Unauthorized: /metrics
2024-06-26 22:37:32,754 [WARNING] message=Unauthorized: /metrics
2024-06-26 22:37:47,735 [WARNING] message=Unauthorized: /metrics
2024-06-26 22:40:00,204 [WARNING] message=Unauthorized: /metrics
2024-06-26 22:40:07,087 [WARNING] message=Unauthorized: /api/user/me
2024-06-26 22:40:15,184 [WARNING] message=Unauthorized: /metrics
2024-06-26 22:40:30,183 [WARNING] message=Unauthorized: /metrics
2024-06-26 22:40:45,163 [WARNING] message=Unauthorized: /metrics
2024-06-26 22:41:00,163 [WARNING] message=Unauthorized: /metrics
2024-06-26 22:41:56,139 [WARNING] message=Unauthorized: /metrics
2024-06-26 22:42:11,122 [WARNING] message=Unauthorized: /metrics
2024-06-26 22:42:26,115 [WARNING] message=Unauthorized: /metrics
2024-06-26 22:42:41,100 [WARNING] message=Unauthorized: /metrics
2024-06-26 22:42:56,096 [WARNING] message=Unauthorized: /metrics
2024-06-26 22:43:11,073 [WARNING] message=Unauthorized: /metrics
2024-06-26 22:43:26,073 [WARNING] message=Unauthorized: /metrics
2024-06-26 22:43:41,053 [WARNING] message=Unauthorized: /metrics
2024-06-26 22:44:48,024 [WARNING] message=Unauthorized: /metrics
2024-06-26 22:45:02,959 [WARNING] message=Unauthorized: /metrics
2024-06-26 22:45:17,943 [WARNING] message=Unauthorized: /metrics
2024-06-26 22:45:32,942 [WARNING] message=Unauthorized: /metrics
2024-06-26 22:45:47,925 [WARNING] message=Unauthorized: /metrics
2024-06-26 22:46:02,921 [WARNING] message=Unauthorized: /metrics
2024-06-26 22:46:17,901 [WARNING] message=Unauthorized: /metrics
2024-06-26 22:46:32,900 [WARNING] message=Unauthorized: /metrics
2024-06-26 22:46:47,881 [WARNING] message=Unauthorized: /metrics
2024-06-26 22:47:02,880 [WARNING] message=Unauthorized: /metrics
2024-06-26 22:47:17,862 [WARNING] message=Unauthorized: /metrics
2024-06-26 22:47:32,859 [WARNING] message=Unauthorized: /metrics
2024-06-26 22:47:47,840 [WARNING] message=Unauthorized: /metrics
2024-06-26 22:48:45,330 [WARNING] message=Unauthorized: /metrics
2024-06-26 22:48:59,862 [WARNING] message=Unauthorized: /metrics
2024-06-26 22:49:14,833 [WARNING] message=Unauthorized: /metrics
2024-06-26 22:49:29,822 [WARNING] message=Unauthorized: /metrics
2024-06-26 22:50:31,660 [WARNING] message=Unauthorized: /metrics
2024-06-26 22:50:46,633 [WARNING] message=Unauthorized: /metrics
2024-06-26 22:51:01,632 [WARNING] message=Unauthorized: /metrics
2024-06-26 22:51:16,613 [WARNING] message=Unauthorized: /metrics
2024-06-26 22:51:31,612 [WARNING] message=Unauthorized: /metrics
2024-06-26 22:51:46,591 [WARNING] message=Unauthorized: /metrics
2024-06-26 22:52:01,591 [WARNING] message=Unauthorized: /metrics
2024-06-26 22:52:16,571 [WARNING] message=Unauthorized: /metrics
2024-06-26 22:52:31,572 [WARNING] message=Unauthorized: /metrics
2024-06-26 22:52:46,550 [WARNING] message=Unauthorized: /metrics
2024-06-26 22:53:01,549 [WARNING] message=Unauthorized: /metrics
2024-06-26 22:53:16,531 [WARNING] message=Unauthorized: /metrics
2024-06-26 22:53:31,530 [WARNING] message=Unauthorized: /metrics
2024-06-26 22:53:46,510 [WARNING] message=Unauthorized: /metrics
2024-06-26 22:54:01,510 [WARNING] message=Unauthorized: /metrics
2024-06-26 22:54:16,488 [WARNING] message=Unauthorized: /metrics
2024-06-26 22:54:31,488 [WARNING] message=Unauthorized: /metrics
2024-06-26 22:54:46,468 [WARNING] message=Unauthorized: /metrics
2024-06-26 22:55:01,467 [WARNING] message=Unauthorized: /metrics
2024-06-26 22:55:16,446 [WARNING] message=Unauthorized: /metrics
2024-06-26 22:55:31,445 [WARNING] message=Unauthorized: /metrics
2024-06-26 22:55:46,426 [WARNING] message=Unauthorized: /metrics
2024-06-26 22:56:01,426 [WARNING] message=Unauthorized: /metrics
2024-06-26 22:56:16,405 [WARNING] message=Unauthorized: /metrics
2024-06-26 22:56:31,407 [WARNING] message=Unauthorized: /metrics
2024-06-26 22:56:46,384 [WARNING] message=Unauthorized: /metrics
2024-06-26 22:57:01,385 [WARNING] message=Unauthorized: /metrics
2024-06-26 22:57:16,364 [WARNING] message=Unauthorized: /metrics
2024-06-26 22:57:31,363 [WARNING] message=Unauthorized: /metrics
2024-06-26 22:57:46,342 [WARNING] message=Unauthorized: /metrics
2024-06-26 22:58:01,345 [WARNING] message=Unauthorized: /metrics
2024-06-26 22:58:16,322 [WARNING] message=Unauthorized: /metrics
2024-06-26 22:58:31,322 [WARNING] message=Unauthorized: /metrics
2024-06-26 22:58:46,305 [WARNING] message=Unauthorized: /metrics
2024-06-26 22:59:01,301 [WARNING] message=Unauthorized: /metrics
2024-06-26 22:59:16,281 [WARNING] message=Unauthorized: /metrics
2024-06-26 22:59:31,280 [WARNING] message=Unauthorized: /metrics
2024-06-26 23:00:40,083 [WARNING] message=Unauthorized: /metrics
2024-06-26 23:00:55,080 [WARNING] message=Unauthorized: /metrics
2024-06-26 23:01:10,047 [WARNING] message=Unauthorized: /metrics
2024-06-26 23:01:25,047 [WARNING] message=Unauthorized: /metrics
2024-06-26 23:01:40,025 [WARNING] message=Unauthorized: /metrics
2024-06-26 23:01:55,025 [WARNING] message=Unauthorized: /metrics
2024-06-26 23:02:10,007 [WARNING] message=Unauthorized: /metrics
2024-06-26 23:03:03,034 [WARNING] message=Unauthorized: /metrics
2024-06-26 23:03:17,973 [WARNING] message=Unauthorized: /metrics
2024-06-26 23:03:32,971 [WARNING] message=Unauthorized: /metrics
2024-06-26 23:04:28,076 [WARNING] message=Unauthorized: /metrics
2024-06-26 23:04:43,049 [WARNING] message=Unauthorized: /metrics
2024-06-26 23:04:58,050 [WARNING] message=Unauthorized: /metrics
2024-06-26 23:06:03,058 [WARNING] message=Unauthorized: /metrics
2024-06-26 23:06:18,042 [WARNING] message=Unauthorized: /metrics
2024-06-26 23:06:33,032 [WARNING] message=Unauthorized: /metrics
2024-06-26 23:06:48,010 [WARNING] message=Unauthorized: /metrics
2024-06-26 23:07:03,013 [WARNING] message=Unauthorized: /metrics
2024-06-26 23:07:17,992 [WARNING] message=Unauthorized: /metrics
2024-06-26 23:08:21,893 [WARNING] message=Unauthorized: /metrics
2024-06-26 23:08:36,883 [WARNING] message=Unauthorized: /metrics
2024-06-26 23:08:51,866 [WARNING] message=Unauthorized: /metrics
2024-06-26 23:09:06,864 [WARNING] message=Unauthorized: /metrics
2024-06-26 23:09:21,844 [WARNING] message=Unauthorized: /metrics
2024-06-26 23:09:36,842 [WARNING] message=Unauthorized: /metrics
2024-06-26 23:09:51,822 [WARNING] message=Unauthorized: /metrics
2024-06-26 23:10:06,821 [WARNING] message=Unauthorized: /metrics
2024-06-26 23:10:21,802 [WARNING] message=Unauthorized: /metrics
2024-06-26 23:10:36,802 [WARNING] message=Unauthorized: /metrics
2024-06-26 23:10:51,782 [WARNING] message=Unauthorized: /metrics
2024-06-26 23:11:06,782 [WARNING] message=Unauthorized: /metrics
2024-06-26 23:11:21,761 [WARNING] message=Unauthorized: /metrics
2024-06-26 23:11:36,761 [WARNING] message=Unauthorized: /metrics
2024-06-26 23:11:51,738 [WARNING] message=Unauthorized: /metrics
2024-06-26 23:12:06,740 [WARNING] message=Unauthorized: /metrics
2024-06-26 23:12:21,719 [WARNING] message=Unauthorized: /metrics
2024-06-26 23:12:36,718 [WARNING] message=Unauthorized: /metrics
2024-06-26 23:12:51,699 [WARNING] message=Unauthorized: /metrics
2024-06-26 23:13:06,699 [WARNING] message=Unauthorized: /metrics
2024-06-26 23:13:21,678 [WARNING] message=Unauthorized: /metrics
2024-06-26 23:13:36,678 [WARNING] message=Unauthorized: /metrics
2024-06-26 23:13:51,658 [WARNING] message=Unauthorized: /metrics
2024-06-26 23:14:06,657 [WARNING] message=Unauthorized: /metrics
2024-06-26 23:14:21,636 [WARNING] message=Unauthorized: /metrics
2024-06-26 23:14:36,637 [WARNING] message=Unauthorized: /metrics
2024-06-26 23:14:51,616 [WARNING] message=Unauthorized: /metrics
2024-06-26 23:15:06,615 [WARNING] message=Unauthorized: /metrics
2024-06-26 23:15:21,596 [WARNING] message=Unauthorized: /metrics
2024-06-26 23:15:36,595 [WARNING] message=Unauthorized: /metrics
2024-06-26 23:15:51,575 [WARNING] message=Unauthorized: /metrics
2024-06-26 23:16:06,576 [WARNING] message=Unauthorized: /metrics
2024-06-26 23:16:21,555 [WARNING] message=Unauthorized: /metrics
2024-06-26 23:16:36,553 [WARNING] message=Unauthorized: /metrics
2024-06-26 23:16:51,532 [WARNING] message=Unauthorized: /metrics
2024-06-26 23:17:06,534 [WARNING] message=Unauthorized: /metrics
2024-06-26 23:17:21,513 [WARNING] message=Unauthorized: /metrics
2024-06-26 23:17:36,512 [WARNING] message=Unauthorized: /metrics
2024-06-26 23:17:51,491 [WARNING] message=Unauthorized: /metrics
2024-06-26 23:18:06,492 [WARNING] message=Unauthorized: /metrics
2024-06-26 23:18:21,472 [WARNING] message=Unauthorized: /metrics
2024-06-26 23:18:36,471 [WARNING] message=Unauthorized: /metrics
2024-06-26 23:18:51,449 [WARNING] message=Unauthorized: /metrics
2024-06-26 23:19:06,449 [WARNING] message=Unauthorized: /metrics
2024-06-26 23:19:21,428 [WARNING] message=Unauthorized: /metrics
2024-06-26 23:19:36,430 [WARNING] message=Unauthorized: /metrics
2024-06-26 23:19:51,408 [WARNING] message=Unauthorized: /metrics
2024-06-26 23:20:06,408 [WARNING] message=Unauthorized: /metrics
2024-06-26 23:20:21,387 [WARNING] message=Unauthorized: /metrics
2024-06-26 23:21:28,897 [WARNING] message=Unauthorized: /metrics
2024-06-26 23:21:43,881 [WARNING] message=Unauthorized: /metrics
2024-06-26 23:21:58,871 [WARNING] message=Unauthorized: /metrics
2024-06-26 23:22:13,852 [WARNING] message=Unauthorized: /metrics
2024-06-26 23:22:28,851 [WARNING] message=Unauthorized: /metrics
2024-06-26 23:22:43,830 [WARNING] message=Unauthorized: /metrics
2024-06-26 23:22:58,830 [WARNING] message=Unauthorized: /metrics
2024-06-26 23:23:13,815 [WARNING] message=Unauthorized: /metrics
2024-06-26 23:23:28,815 [WARNING] message=Unauthorized: /metrics
2024-06-26 23:23:43,797 [WARNING] message=Unauthorized: /metrics
2024-06-26 23:23:58,796 [WARNING] message=Unauthorized: /metrics
2024-06-26 23:24:13,776 [WARNING] message=Unauthorized: /metrics
2024-06-26 23:24:28,777 [WARNING] message=Unauthorized: /metrics
2024-06-26 23:24:43,755 [WARNING] message=Unauthorized: /metrics
2024-06-26 23:24:58,754 [WARNING] message=Unauthorized: /metrics
2024-06-26 23:25:13,735 [WARNING] message=Unauthorized: /metrics
2024-06-26 23:45:53,582 [WARNING] message=Unauthorized: /api/user/me
2024-07-08 06:04:40,350 [WARNING] message=Unauthorized: /api/user/surkim
2024-07-08 06:04:44,471 [WARNING] message=Unauthorized: /metrics
2024-07-08 06:04:59,468 [WARNING] message=Unauthorized: /metrics
2024-07-08 06:05:14,446 [WARNING] message=Unauthorized: /metrics
2024-07-08 06:05:29,446 [WARNING] message=Unauthorized: /metrics
2024-07-08 06:05:41,111 [WARNING] message=Not Found: /api/user/s/
2024-07-08 06:05:41,350 [WARNING] message=Not Found: /api/user/su/
2024-07-08 06:05:41,498 [WARNING] message=Not Found: /api/user/sur/
2024-07-08 06:05:41,575 [WARNING] message=Not Found: /api/user/surk/
2024-07-08 06:05:41,742 [WARNING] message=Not Found: /api/user/surki/
2024-07-08 06:05:44,423 [WARNING] message=Unauthorized: /metrics
2024-07-08 06:05:59,424 [WARNING] message=Unauthorized: /metrics
2024-07-08 06:10:04,965 [WARNING] message=Unauthorized: /api/user/me/
2024-07-08 06:11:01,075 [WARNING] message=Unauthorized: /api/user/me/
2024-07-08 06:12:22,907 [WARNING] message=Unauthorized: /api/user/me/
2024-07-08 06:12:57,773 [WARNING] message=Unauthorized: /api/user/me/
2024-07-08 06:14:21,029 [WARNING] message=Unauthorized: /api/user/me/
2024-07-08 06:17:15,253 [WARNING] message=Unauthorized: /api/user/me/
2024-07-08 06:18:41,575 [WARNING] message=Unauthorized: /api/user/me/
2024-07-08 06:20:07,609 [WARNING] message=Unauthorized: /api/user/me/
